<?xml version="1.0" encoding="UTF-8"?>
<!-- Generated by org.testng.reporters.JUnitReportReporter -->
<testsuite skipped="0" hostname="DESKTOP-S944CTM" name="demo.testngdependencydemo" tests="3" failures="0" timestamp="20 Jul 2019 16:55:21 GMT" time="0.016" errors="0">
  <testcase name="test2" time="0.016" classname="demo.testngdependencydemo"/>
  <testcase name="test3" time="0.000" classname="demo.testngdependencydemo"/>
  <testcase name="test1" time="0.000" classname="demo.testngdependencydemo"/>
</testsuite> <!-- demo.testngdependencydemo -->
