<?xml version="1.0" encoding="UTF-8"?>
<!-- Generated by org.testng.reporters.JUnitReportReporter -->
<testsuite skipped="0" hostname="DESKTOP-S944CTM" name="test.thisisextentreportsdemowithtestng" tests="2" failures="0" timestamp="11 Jul 2019 20:28:03 GMT" time="15.227" errors="0">
  <testcase name="test2" time="0.003" classname="test.thisisextentreportsdemowithtestng"/>
  <testcase name="test1" time="15.224" classname="test.thisisextentreportsdemowithtestng"/>
</testsuite> <!-- test.thisisextentreportsdemowithtestng -->
