<?xml version="1.0" encoding="UTF-8"?>
<!-- Generated by org.testng.reporters.JUnitReportReporter -->
<testsuite skipped="0" hostname="DESKTOP-S944CTM" name="test.testngdemo2" tests="1" failures="0" timestamp="11 Jul 2019 19:23:02 GMT" time="24.222" errors="0">
  <testcase name="googlesearch3" time="24.222" classname="test.testngdemo2"/>
</testsuite> <!-- test.testngdemo2 -->
