<?xml version="1.0" encoding="UTF-8"?>
<!-- Generated by org.testng.reporters.JUnitReportReporter -->
<testsuite skipped="0" hostname="DESKTOP-S944CTM" name="test.testngdemo" tests="1" failures="0" timestamp="11 Jul 2019 19:23:02 GMT" time="24.220" errors="0">
  <testcase name="googlesearch" time="24.220" classname="test.testngdemo"/>
</testsuite> <!-- test.testngdemo -->
