<?xml version="1.0" encoding="UTF-8"?>
<!-- Generated by org.testng.reporters.JUnitReportReporter -->
<testsuite skipped="0" hostname="DESKTOP-S944CTM" name="demopriority.testngprioritydemo" tests="3" failures="0" timestamp="18 Jul 2019 19:53:05 GMT" time="0.021" errors="0">
  <testcase name="test2" time="0.014" classname="demopriority.testngprioritydemo"/>
  <testcase name="test3" time="0.005" classname="demopriority.testngprioritydemo"/>
  <testcase name="test1" time="0.002" classname="demopriority.testngprioritydemo"/>
</testsuite> <!-- demopriority.testngprioritydemo -->
