<?xml version="1.0" encoding="UTF-8"?>
<!-- Generated by org.testng.reporters.JUnitReportReporter -->
<testsuite skipped="1" hostname="DESKTOP-S944CTM" name="demo.testngingoredemo" tests="2" failures="0" timestamp="20 Jul 2019 16:58:50 GMT" time="0.015" errors="0">
  <testcase name="test2" time="0.015" classname="demo.testngingoredemo"/>
  <testcase name="test1" classname="demo.testngingoredemo">
    <skipped/>
  </testcase> <!-- test1 -->
</testsuite> <!-- demo.testngingoredemo -->
