<?xml version="1.0" encoding="UTF-8"?>
<!-- Generated by org.testng.reporters.JUnitReportReporter -->
<testsuite skipped="0" hostname="DESKTOP-S944CTM" name="demo.testngparametersdemo" tests="1" failures="0" timestamp="19 Jul 2019 19:54:19 GMT" time="0.024" errors="0">
  <testcase name="test" time="0.024" classname="demo.testngparametersdemo"/>
</testsuite> <!-- demo.testngparametersdemo -->
