<?xml version="1.0" encoding="UTF-8"?>
<!-- Generated by org.testng.reporters.JUnitReportReporter -->
<testsuite skipped="0" hostname="DESKTOP-S944CTM" name="Utils.exceldataprovider" tests="1" failures="0" timestamp="16 Jul 2019 20:26:30 GMT" time="0.000" errors="0">
  <testcase name="test1" time="0.000" classname="Utils.exceldataprovider"/>
</testsuite> <!-- Utils.exceldataprovider -->
