<?xml version="1.0" encoding="UTF-8"?>
<!-- Generated by org.testng.reporters.JUnitReportReporter -->
<testsuite skipped="0" hostname="DESKTOP-S944CTM" name="demo.testnggroupsdemo" tests="2" failures="0" timestamp="19 Jul 2019 19:42:48 GMT" time="0.016" errors="0">
  <testcase name="test2" time="0.002" classname="demo.testnggroupsdemo"/>
  <testcase name="test1" time="0.014" classname="demo.testnggroupsdemo"/>
</testsuite> <!-- demo.testnggroupsdemo -->
